<?xml version="1.0" encoding="UTF-8"?>
<testsuite xmlns:xsi="http://www.w3.org/2001/XMLSchema-instance" xsi:noNamespaceSchemaLocation="https://maven.apache.org/surefire/maven-surefire-plugin/xsd/surefire-test-report-3.0.xsd" version="3.0" name="core.nxg.NxgApplicationTests" time="9.607" tests="1" errors="0" skipped="0" failures="0">
  <properties>
    <property name="java.specification.version" value="20"/>
    <property name="sun.jnu.encoding" value="UTF-8"/>
    <property name="java.class.path" value="/Users/josephnma/Downloads/nxg-job-hub-backend/target/test-classes:/Users/josephnma/Downloads/nxg-job-hub-backend/target/classes:/Users/josephnma/.m2/repository/org/springframework/boot/spring-boot-starter-data-jpa/3.1.1/spring-boot-starter-data-jpa-3.1.1.jar:/Users/josephnma/.m2/repository/org/springframework/boot/spring-boot-starter-aop/3.1.1/spring-boot-starter-aop-3.1.1.jar:/Users/josephnma/.m2/repository/org/aspectj/aspectjweaver/1.9.19/aspectjweaver-1.9.19.jar:/Users/josephnma/.m2/repository/org/springframework/boot/spring-boot-starter-jdbc/3.1.1/spring-boot-starter-jdbc-3.1.1.jar:/Users/josephnma/.m2/repository/com/zaxxer/HikariCP/5.0.1/HikariCP-5.0.1.jar:/Users/josephnma/.m2/repository/org/springframework/spring-jdbc/6.0.10/spring-jdbc-6.0.10.jar:/Users/josephnma/.m2/repository/org/hibernate/orm/hibernate-core/6.2.5.Final/hibernate-core-6.2.5.Final.jar:/Users/josephnma/.m2/repository/jakarta/persistence/jakarta.persistence-api/3.1.0/jakarta.persistence-api-3.1.0.jar:/Users/josephnma/.m2/repository/jakarta/transaction/jakarta.transaction-api/2.0.1/jakarta.transaction-api-2.0.1.jar:/Users/josephnma/.m2/repository/org/jboss/logging/jboss-logging/3.5.1.Final/jboss-logging-3.5.1.Final.jar:/Users/josephnma/.m2/repository/org/hibernate/common/hibernate-commons-annotations/6.0.6.Final/hibernate-commons-annotations-6.0.6.Final.jar:/Users/josephnma/.m2/repository/io/smallrye/jandex/3.0.5/jandex-3.0.5.jar:/Users/josephnma/.m2/repository/com/fasterxml/classmate/1.5.1/classmate-1.5.1.jar:/Users/josephnma/.m2/repository/net/bytebuddy/byte-buddy/1.14.5/byte-buddy-1.14.5.jar:/Users/josephnma/.m2/repository/org/glassfish/jaxb/jaxb-runtime/4.0.3/jaxb-runtime-4.0.3.jar:/Users/josephnma/.m2/repository/org/glassfish/jaxb/jaxb-core/4.0.3/jaxb-core-4.0.3.jar:/Users/josephnma/.m2/repository/org/glassfish/jaxb/txw2/4.0.3/txw2-4.0.3.jar:/Users/josephnma/.m2/repository/com/sun/istack/istack-commons-runtime/4.1.2/istack-commons-runtime-4.1.2.jar:/Users/josephnma/.m2/repository/jakarta/inject/jakarta.inject-api/2.0.1/jakarta.inject-api-2.0.1.jar:/Users/josephnma/.m2/repository/org/antlr/antlr4-runtime/4.10.1/antlr4-runtime-4.10.1.jar:/Users/josephnma/.m2/repository/org/springframework/data/spring-data-jpa/3.1.1/spring-data-jpa-3.1.1.jar:/Users/josephnma/.m2/repository/org/springframework/data/spring-data-commons/3.1.1/spring-data-commons-3.1.1.jar:/Users/josephnma/.m2/repository/org/springframework/spring-orm/6.0.10/spring-orm-6.0.10.jar:/Users/josephnma/.m2/repository/org/springframework/spring-tx/6.0.10/spring-tx-6.0.10.jar:/Users/josephnma/.m2/repository/jakarta/annotation/jakarta.annotation-api/2.1.1/jakarta.annotation-api-2.1.1.jar:/Users/josephnma/.m2/repository/org/springframework/spring-aspects/6.0.10/spring-aspects-6.0.10.jar:/Users/josephnma/.m2/repository/org/springframework/boot/spring-boot-starter-web/3.1.1/spring-boot-starter-web-3.1.1.jar:/Users/josephnma/.m2/repository/org/springframework/boot/spring-boot-starter/3.1.1/spring-boot-starter-3.1.1.jar:/Users/josephnma/.m2/repository/org/springframework/boot/spring-boot-starter-logging/3.1.1/spring-boot-starter-logging-3.1.1.jar:/Users/josephnma/.m2/repository/ch/qos/logback/logback-classic/1.4.8/logback-classic-1.4.8.jar:/Users/josephnma/.m2/repository/ch/qos/logback/logback-core/1.4.8/logback-core-1.4.8.jar:/Users/josephnma/.m2/repository/org/apache/logging/log4j/log4j-to-slf4j/2.20.0/log4j-to-slf4j-2.20.0.jar:/Users/josephnma/.m2/repository/org/apache/logging/log4j/log4j-api/2.20.0/log4j-api-2.20.0.jar:/Users/josephnma/.m2/repository/org/slf4j/jul-to-slf4j/2.0.7/jul-to-slf4j-2.0.7.jar:/Users/josephnma/.m2/repository/org/yaml/snakeyaml/1.33/snakeyaml-1.33.jar:/Users/josephnma/.m2/repository/org/springframework/boot/spring-boot-starter-json/3.1.1/spring-boot-starter-json-3.1.1.jar:/Users/josephnma/.m2/repository/com/fasterxml/jackson/datatype/jackson-datatype-jdk8/2.15.2/jackson-datatype-jdk8-2.15.2.jar:/Users/josephnma/.m2/repository/com/fasterxml/jackson/datatype/jackson-datatype-jsr310/2.15.2/jackson-datatype-jsr310-2.15.2.jar:/Users/josephnma/.m2/repository/com/fasterxml/jackson/module/jackson-module-parameter-names/2.15.2/jackson-module-parameter-names-2.15.2.jar:/Users/josephnma/.m2/repository/org/springframework/boot/spring-boot-starter-tomcat/3.1.1/spring-boot-starter-tomcat-3.1.1.jar:/Users/josephnma/.m2/repository/org/apache/tomcat/embed/tomcat-embed-core/10.1.10/tomcat-embed-core-10.1.10.jar:/Users/josephnma/.m2/repository/org/apache/tomcat/embed/tomcat-embed-el/10.1.10/tomcat-embed-el-10.1.10.jar:/Users/josephnma/.m2/repository/org/apache/tomcat/embed/tomcat-embed-websocket/10.1.10/tomcat-embed-websocket-10.1.10.jar:/Users/josephnma/.m2/repository/org/springframework/spring-web/6.0.10/spring-web-6.0.10.jar:/Users/josephnma/.m2/repository/io/micrometer/micrometer-observation/1.11.1/micrometer-observation-1.11.1.jar:/Users/josephnma/.m2/repository/io/micrometer/micrometer-commons/1.11.1/micrometer-commons-1.11.1.jar:/Users/josephnma/.m2/repository/org/springframework/spring-webmvc/6.0.10/spring-webmvc-6.0.10.jar:/Users/josephnma/.m2/repository/org/springframework/spring-expression/6.0.10/spring-expression-6.0.10.jar:/Users/josephnma/.m2/repository/org/springframework/boot/spring-boot-devtools/3.1.1/spring-boot-devtools-3.1.1.jar:/Users/josephnma/.m2/repository/org/springframework/boot/spring-boot/3.1.1/spring-boot-3.1.1.jar:/Users/josephnma/.m2/repository/org/springframework/boot/spring-boot-autoconfigure/3.1.1/spring-boot-autoconfigure-3.1.1.jar:/Users/josephnma/.m2/repository/com/h2database/h2/2.2.220/h2-2.2.220.jar:/Users/josephnma/.m2/repository/org/springframework/boot/spring-boot-starter-oauth2-client/3.1.1/spring-boot-starter-oauth2-client-3.1.1.jar:/Users/josephnma/.m2/repository/org/springframework/security/spring-security-config/6.1.1/spring-security-config-6.1.1.jar:/Users/josephnma/.m2/repository/org/springframework/security/spring-security-core/6.1.1/spring-security-core-6.1.1.jar:/Users/josephnma/.m2/repository/org/springframework/security/spring-security-crypto/6.1.1/spring-security-crypto-6.1.1.jar:/Users/josephnma/.m2/repository/org/springframework/security/spring-security-oauth2-client/6.1.1/spring-security-oauth2-client-6.1.1.jar:/Users/josephnma/.m2/repository/org/springframework/security/spring-security-oauth2-core/6.1.1/spring-security-oauth2-core-6.1.1.jar:/Users/josephnma/.m2/repository/com/nimbusds/oauth2-oidc-sdk/9.43.3/oauth2-oidc-sdk-9.43.3.jar:/Users/josephnma/.m2/repository/com/github/stephenc/jcip/jcip-annotations/1.0-1/jcip-annotations-1.0-1.jar:/Users/josephnma/.m2/repository/com/nimbusds/content-type/2.2/content-type-2.2.jar:/Users/josephnma/.m2/repository/com/nimbusds/lang-tag/1.7/lang-tag-1.7.jar:/Users/josephnma/.m2/repository/org/springframework/security/spring-security-oauth2-jose/6.1.1/spring-security-oauth2-jose-6.1.1.jar:/Users/josephnma/.m2/repository/com/nimbusds/nimbus-jose-jwt/9.31/nimbus-jose-jwt-9.31.jar:/Users/josephnma/.m2/repository/org/springframework/boot/spring-boot-starter-test/3.1.1/spring-boot-starter-test-3.1.1.jar:/Users/josephnma/.m2/repository/org/springframework/boot/spring-boot-test/3.1.1/spring-boot-test-3.1.1.jar:/Users/josephnma/.m2/repository/org/springframework/boot/spring-boot-test-autoconfigure/3.1.1/spring-boot-test-autoconfigure-3.1.1.jar:/Users/josephnma/.m2/repository/com/jayway/jsonpath/json-path/2.8.0/json-path-2.8.0.jar:/Users/josephnma/.m2/repository/jakarta/xml/bind/jakarta.xml.bind-api/4.0.0/jakarta.xml.bind-api-4.0.0.jar:/Users/josephnma/.m2/repository/jakarta/activation/jakarta.activation-api/2.1.2/jakarta.activation-api-2.1.2.jar:/Users/josephnma/.m2/repository/net/minidev/json-smart/2.4.11/json-smart-2.4.11.jar:/Users/josephnma/.m2/repository/net/minidev/accessors-smart/2.4.11/accessors-smart-2.4.11.jar:/Users/josephnma/.m2/repository/org/ow2/asm/asm/9.3/asm-9.3.jar:/Users/josephnma/.m2/repository/org/assertj/assertj-core/3.24.2/assertj-core-3.24.2.jar:/Users/josephnma/.m2/repository/org/hamcrest/hamcrest/2.2/hamcrest-2.2.jar:/Users/josephnma/.m2/repository/org/junit/jupiter/junit-jupiter/5.9.3/junit-jupiter-5.9.3.jar:/Users/josephnma/.m2/repository/org/junit/jupiter/junit-jupiter-api/5.9.3/junit-jupiter-api-5.9.3.jar:/Users/josephnma/.m2/repository/org/opentest4j/opentest4j/1.2.0/opentest4j-1.2.0.jar:/Users/josephnma/.m2/repository/org/junit/platform/junit-platform-commons/1.9.3/junit-platform-commons-1.9.3.jar:/Users/josephnma/.m2/repository/org/apiguardian/apiguardian-api/1.1.2/apiguardian-api-1.1.2.jar:/Users/josephnma/.m2/repository/org/junit/jupiter/junit-jupiter-params/5.9.3/junit-jupiter-params-5.9.3.jar:/Users/josephnma/.m2/repository/org/junit/jupiter/junit-jupiter-engine/5.9.3/junit-jupiter-engine-5.9.3.jar:/Users/josephnma/.m2/repository/org/junit/platform/junit-platform-engine/1.9.3/junit-platform-engine-1.9.3.jar:/Users/josephnma/.m2/repository/org/mockito/mockito-core/5.3.1/mockito-core-5.3.1.jar:/Users/josephnma/.m2/repository/net/bytebuddy/byte-buddy-agent/1.14.5/byte-buddy-agent-1.14.5.jar:/Users/josephnma/.m2/repository/org/objenesis/objenesis/3.3/objenesis-3.3.jar:/Users/josephnma/.m2/repository/org/mockito/mockito-junit-jupiter/5.3.1/mockito-junit-jupiter-5.3.1.jar:/Users/josephnma/.m2/repository/org/skyscreamer/jsonassert/1.5.1/jsonassert-1.5.1.jar:/Users/josephnma/.m2/repository/com/vaadin/external/google/android-json/0.0.20131108.vaadin1/android-json-0.0.20131108.vaadin1.jar:/Users/josephnma/.m2/repository/org/springframework/spring-core/6.0.10/spring-core-6.0.10.jar:/Users/josephnma/.m2/repository/org/springframework/spring-jcl/6.0.10/spring-jcl-6.0.10.jar:/Users/josephnma/.m2/repository/org/springframework/spring-test/6.0.10/spring-test-6.0.10.jar:/Users/josephnma/.m2/repository/org/xmlunit/xmlunit-core/2.9.1/xmlunit-core-2.9.1.jar:/Users/josephnma/.m2/repository/org/springdoc/springdoc-openapi-starter-webmvc-ui/2.0.2/springdoc-openapi-starter-webmvc-ui-2.0.2.jar:/Users/josephnma/.m2/repository/org/springdoc/springdoc-openapi-starter-webmvc-api/2.0.2/springdoc-openapi-starter-webmvc-api-2.0.2.jar:/Users/josephnma/.m2/repository/org/springdoc/springdoc-openapi-starter-common/2.0.2/springdoc-openapi-starter-common-2.0.2.jar:/Users/josephnma/.m2/repository/io/swagger/core/v3/swagger-core-jakarta/2.2.7/swagger-core-jakarta-2.2.7.jar:/Users/josephnma/.m2/repository/org/apache/commons/commons-lang3/3.12.0/commons-lang3-3.12.0.jar:/Users/josephnma/.m2/repository/io/swagger/core/v3/swagger-annotations-jakarta/2.2.7/swagger-annotations-jakarta-2.2.7.jar:/Users/josephnma/.m2/repository/io/swagger/core/v3/swagger-models-jakarta/2.2.7/swagger-models-jakarta-2.2.7.jar:/Users/josephnma/.m2/repository/jakarta/validation/jakarta.validation-api/3.0.2/jakarta.validation-api-3.0.2.jar:/Users/josephnma/.m2/repository/com/fasterxml/jackson/dataformat/jackson-dataformat-yaml/2.15.2/jackson-dataformat-yaml-2.15.2.jar:/Users/josephnma/.m2/repository/org/webjars/swagger-ui/4.15.5/swagger-ui-4.15.5.jar:/Users/josephnma/.m2/repository/org/webjars/webjars-locator-core/0.52/webjars-locator-core-0.52.jar:/Users/josephnma/.m2/repository/io/github/classgraph/classgraph/4.8.149/classgraph-4.8.149.jar:/Users/josephnma/.m2/repository/org/springframework/hateoas/spring-hateoas/2.1.1/spring-hateoas-2.1.1.jar:/Users/josephnma/.m2/repository/org/springframework/spring-aop/6.0.10/spring-aop-6.0.10.jar:/Users/josephnma/.m2/repository/org/springframework/spring-beans/6.0.10/spring-beans-6.0.10.jar:/Users/josephnma/.m2/repository/org/springframework/spring-context/6.0.10/spring-context-6.0.10.jar:/Users/josephnma/.m2/repository/org/springframework/plugin/spring-plugin-core/3.0.0/spring-plugin-core-3.0.0.jar:/Users/josephnma/.m2/repository/org/slf4j/slf4j-api/2.0.7/slf4j-api-2.0.7.jar:/Users/josephnma/.m2/repository/org/springframework/spring-websocket/6.0.13/spring-websocket-6.0.13.jar:/Users/josephnma/.m2/repository/org/springframework/spring-messaging/6.0.13/spring-messaging-6.0.13.jar:/Users/josephnma/.m2/repository/io/jsonwebtoken/jjwt-api/0.11.5/jjwt-api-0.11.5.jar:/Users/josephnma/.m2/repository/io/jsonwebtoken/jjwt-impl/0.11.5/jjwt-impl-0.11.5.jar:/Users/josephnma/.m2/repository/io/jsonwebtoken/jjwt-jackson/0.11.5/jjwt-jackson-0.11.5.jar:/Users/josephnma/.m2/repository/com/fasterxml/jackson/core/jackson-databind/2.15.2/jackson-databind-2.15.2.jar:/Users/josephnma/.m2/repository/com/fasterxml/jackson/core/jackson-annotations/2.15.2/jackson-annotations-2.15.2.jar:/Users/josephnma/.m2/repository/com/fasterxml/jackson/core/jackson-core/2.15.2/jackson-core-2.15.2.jar:/Users/josephnma/.m2/repository/org/modelmapper/modelmapper/3.2.0/modelmapper-3.2.0.jar:/Users/josephnma/.m2/repository/org/springframework/boot/spring-boot-starter-security/3.1.1/spring-boot-starter-security-3.1.1.jar:/Users/josephnma/.m2/repository/org/springframework/security/spring-security-web/6.1.1/spring-security-web-6.1.1.jar:/Users/josephnma/.m2/repository/org/springframework/boot/spring-boot-starter-mail/3.1.1/spring-boot-starter-mail-3.1.1.jar:/Users/josephnma/.m2/repository/org/springframework/spring-context-support/6.0.10/spring-context-support-6.0.10.jar:/Users/josephnma/.m2/repository/org/eclipse/angus/jakarta.mail/1.1.0/jakarta.mail-1.1.0.jar:/Users/josephnma/.m2/repository/org/eclipse/angus/angus-activation/2.0.1/angus-activation-2.0.1.jar:/Users/josephnma/.m2/repository/org/springframework/boot/spring-boot-starter-thymeleaf/3.1.2/spring-boot-starter-thymeleaf-3.1.2.jar:/Users/josephnma/.m2/repository/org/thymeleaf/thymeleaf-spring6/3.1.1.RELEASE/thymeleaf-spring6-3.1.1.RELEASE.jar:/Users/josephnma/.m2/repository/org/thymeleaf/thymeleaf/3.1.1.RELEASE/thymeleaf-3.1.1.RELEASE.jar:/Users/josephnma/.m2/repository/org/attoparser/attoparser/2.0.6.RELEASE/attoparser-2.0.6.RELEASE.jar:/Users/josephnma/.m2/repository/org/unbescape/unbescape/1.1.6.RELEASE/unbescape-1.1.6.RELEASE.jar:/Users/josephnma/.m2/repository/me/paulschwarz/spring-dotenv/4.0.0/spring-dotenv-4.0.0.jar:/Users/josephnma/.m2/repository/io/github/cdimascio/dotenv-java/3.0.0/dotenv-java-3.0.0.jar:/Users/josephnma/.m2/repository/org/projectlombok/lombok/1.18.28/lombok-1.18.28.jar:/Users/josephnma/.m2/repository/javax/servlet/javax.servlet-api/3.1.0/javax.servlet-api-3.1.0.jar:/Users/josephnma/.m2/repository/org/springframework/boot/spring-boot-starter-webflux/3.1.2/spring-boot-starter-webflux-3.1.2.jar:/Users/josephnma/.m2/repository/org/springframework/boot/spring-boot-starter-reactor-netty/3.1.1/spring-boot-starter-reactor-netty-3.1.1.jar:/Users/josephnma/.m2/repository/io/projectreactor/netty/reactor-netty-http/1.1.8/reactor-netty-http-1.1.8.jar:/Users/josephnma/.m2/repository/io/netty/netty-codec-http/4.1.94.Final/netty-codec-http-4.1.94.Final.jar:/Users/josephnma/.m2/repository/io/netty/netty-common/4.1.94.Final/netty-common-4.1.94.Final.jar:/Users/josephnma/.m2/repository/io/netty/netty-buffer/4.1.94.Final/netty-buffer-4.1.94.Final.jar:/Users/josephnma/.m2/repository/io/netty/netty-transport/4.1.94.Final/netty-transport-4.1.94.Final.jar:/Users/josephnma/.m2/repository/io/netty/netty-codec/4.1.94.Final/netty-codec-4.1.94.Final.jar:/Users/josephnma/.m2/repository/io/netty/netty-handler/4.1.94.Final/netty-handler-4.1.94.Final.jar:/Users/josephnma/.m2/repository/io/netty/netty-codec-http2/4.1.94.Final/netty-codec-http2-4.1.94.Final.jar:/Users/josephnma/.m2/repository/io/netty/netty-resolver-dns/4.1.94.Final/netty-resolver-dns-4.1.94.Final.jar:/Users/josephnma/.m2/repository/io/netty/netty-resolver/4.1.94.Final/netty-resolver-4.1.94.Final.jar:/Users/josephnma/.m2/repository/io/netty/netty-codec-dns/4.1.94.Final/netty-codec-dns-4.1.94.Final.jar:/Users/josephnma/.m2/repository/io/netty/netty-resolver-dns-native-macos/4.1.94.Final/netty-resolver-dns-native-macos-4.1.94.Final-osx-x86_64.jar:/Users/josephnma/.m2/repository/io/netty/netty-resolver-dns-classes-macos/4.1.94.Final/netty-resolver-dns-classes-macos-4.1.94.Final.jar:/Users/josephnma/.m2/repository/io/netty/netty-transport-native-epoll/4.1.94.Final/netty-transport-native-epoll-4.1.94.Final-linux-x86_64.jar:/Users/josephnma/.m2/repository/io/netty/netty-transport-native-unix-common/4.1.94.Final/netty-transport-native-unix-common-4.1.94.Final.jar:/Users/josephnma/.m2/repository/io/netty/netty-transport-classes-epoll/4.1.94.Final/netty-transport-classes-epoll-4.1.94.Final.jar:/Users/josephnma/.m2/repository/io/projectreactor/netty/reactor-netty-core/1.1.8/reactor-netty-core-1.1.8.jar:/Users/josephnma/.m2/repository/io/netty/netty-handler-proxy/4.1.94.Final/netty-handler-proxy-4.1.94.Final.jar:/Users/josephnma/.m2/repository/io/netty/netty-codec-socks/4.1.94.Final/netty-codec-socks-4.1.94.Final.jar:/Users/josephnma/.m2/repository/org/springframework/spring-webflux/6.0.10/spring-webflux-6.0.10.jar:/Users/josephnma/.m2/repository/io/projectreactor/reactor-core/3.5.7/reactor-core-3.5.7.jar:/Users/josephnma/.m2/repository/org/reactivestreams/reactive-streams/1.0.4/reactive-streams-1.0.4.jar:"/>
    <property name="java.vm.vendor" value="Oracle Corporation"/>
    <property name="sun.arch.data.model" value="64"/>
    <property name="java.vendor.url" value="https://java.oracle.com/"/>
    <property name="user.timezone" value="Africa/Lagos"/>
    <property name="org.jboss.logging.provider" value="slf4j"/>
    <property name="os.name" value="Mac OS X"/>
    <property name="java.vm.specification.version" value="20"/>
    <property name="sun.java.launcher" value="SUN_STANDARD"/>
    <property name="user.country" value="US"/>
    <property name="sun.boot.library.path" value="/Users/josephnma/Library/Java/JavaVirtualMachines/openjdk-20.0.1/Contents/Home/lib"/>
    <property name="sun.java.command" value="/Users/josephnma/Downloads/nxg-job-hub-backend/target/surefire/surefirebooter-20240111170009118_3.jar /Users/josephnma/Downloads/nxg-job-hub-backend/target/surefire 2024-01-11T17-00-09_005-jvmRun1 surefire-20240111170009118_1tmp surefire_0-20240111170009118_2tmp"/>
    <property name="http.nonProxyHosts" value="local|*.local|169.254/16|*.169.254/16"/>
    <property name="jdk.debug" value="release"/>
    <property name="surefire.test.class.path" value="/Users/josephnma/Downloads/nxg-job-hub-backend/target/test-classes:/Users/josephnma/Downloads/nxg-job-hub-backend/target/classes:/Users/josephnma/.m2/repository/org/springframework/boot/spring-boot-starter-data-jpa/3.1.1/spring-boot-starter-data-jpa-3.1.1.jar:/Users/josephnma/.m2/repository/org/springframework/boot/spring-boot-starter-aop/3.1.1/spring-boot-starter-aop-3.1.1.jar:/Users/josephnma/.m2/repository/org/aspectj/aspectjweaver/1.9.19/aspectjweaver-1.9.19.jar:/Users/josephnma/.m2/repository/org/springframework/boot/spring-boot-starter-jdbc/3.1.1/spring-boot-starter-jdbc-3.1.1.jar:/Users/josephnma/.m2/repository/com/zaxxer/HikariCP/5.0.1/HikariCP-5.0.1.jar:/Users/josephnma/.m2/repository/org/springframework/spring-jdbc/6.0.10/spring-jdbc-6.0.10.jar:/Users/josephnma/.m2/repository/org/hibernate/orm/hibernate-core/6.2.5.Final/hibernate-core-6.2.5.Final.jar:/Users/josephnma/.m2/repository/jakarta/persistence/jakarta.persistence-api/3.1.0/jakarta.persistence-api-3.1.0.jar:/Users/josephnma/.m2/repository/jakarta/transaction/jakarta.transaction-api/2.0.1/jakarta.transaction-api-2.0.1.jar:/Users/josephnma/.m2/repository/org/jboss/logging/jboss-logging/3.5.1.Final/jboss-logging-3.5.1.Final.jar:/Users/josephnma/.m2/repository/org/hibernate/common/hibernate-commons-annotations/6.0.6.Final/hibernate-commons-annotations-6.0.6.Final.jar:/Users/josephnma/.m2/repository/io/smallrye/jandex/3.0.5/jandex-3.0.5.jar:/Users/josephnma/.m2/repository/com/fasterxml/classmate/1.5.1/classmate-1.5.1.jar:/Users/josephnma/.m2/repository/net/bytebuddy/byte-buddy/1.14.5/byte-buddy-1.14.5.jar:/Users/josephnma/.m2/repository/org/glassfish/jaxb/jaxb-runtime/4.0.3/jaxb-runtime-4.0.3.jar:/Users/josephnma/.m2/repository/org/glassfish/jaxb/jaxb-core/4.0.3/jaxb-core-4.0.3.jar:/Users/josephnma/.m2/repository/org/glassfish/jaxb/txw2/4.0.3/txw2-4.0.3.jar:/Users/josephnma/.m2/repository/com/sun/istack/istack-commons-runtime/4.1.2/istack-commons-runtime-4.1.2.jar:/Users/josephnma/.m2/repository/jakarta/inject/jakarta.inject-api/2.0.1/jakarta.inject-api-2.0.1.jar:/Users/josephnma/.m2/repository/org/antlr/antlr4-runtime/4.10.1/antlr4-runtime-4.10.1.jar:/Users/josephnma/.m2/repository/org/springframework/data/spring-data-jpa/3.1.1/spring-data-jpa-3.1.1.jar:/Users/josephnma/.m2/repository/org/springframework/data/spring-data-commons/3.1.1/spring-data-commons-3.1.1.jar:/Users/josephnma/.m2/repository/org/springframework/spring-orm/6.0.10/spring-orm-6.0.10.jar:/Users/josephnma/.m2/repository/org/springframework/spring-tx/6.0.10/spring-tx-6.0.10.jar:/Users/josephnma/.m2/repository/jakarta/annotation/jakarta.annotation-api/2.1.1/jakarta.annotation-api-2.1.1.jar:/Users/josephnma/.m2/repository/org/springframework/spring-aspects/6.0.10/spring-aspects-6.0.10.jar:/Users/josephnma/.m2/repository/org/springframework/boot/spring-boot-starter-web/3.1.1/spring-boot-starter-web-3.1.1.jar:/Users/josephnma/.m2/repository/org/springframework/boot/spring-boot-starter/3.1.1/spring-boot-starter-3.1.1.jar:/Users/josephnma/.m2/repository/org/springframework/boot/spring-boot-starter-logging/3.1.1/spring-boot-starter-logging-3.1.1.jar:/Users/josephnma/.m2/repository/ch/qos/logback/logback-classic/1.4.8/logback-classic-1.4.8.jar:/Users/josephnma/.m2/repository/ch/qos/logback/logback-core/1.4.8/logback-core-1.4.8.jar:/Users/josephnma/.m2/repository/org/apache/logging/log4j/log4j-to-slf4j/2.20.0/log4j-to-slf4j-2.20.0.jar:/Users/josephnma/.m2/repository/org/apache/logging/log4j/log4j-api/2.20.0/log4j-api-2.20.0.jar:/Users/josephnma/.m2/repository/org/slf4j/jul-to-slf4j/2.0.7/jul-to-slf4j-2.0.7.jar:/Users/josephnma/.m2/repository/org/yaml/snakeyaml/1.33/snakeyaml-1.33.jar:/Users/josephnma/.m2/repository/org/springframework/boot/spring-boot-starter-json/3.1.1/spring-boot-starter-json-3.1.1.jar:/Users/josephnma/.m2/repository/com/fasterxml/jackson/datatype/jackson-datatype-jdk8/2.15.2/jackson-datatype-jdk8-2.15.2.jar:/Users/josephnma/.m2/repository/com/fasterxml/jackson/datatype/jackson-datatype-jsr310/2.15.2/jackson-datatype-jsr310-2.15.2.jar:/Users/josephnma/.m2/repository/com/fasterxml/jackson/module/jackson-module-parameter-names/2.15.2/jackson-module-parameter-names-2.15.2.jar:/Users/josephnma/.m2/repository/org/springframework/boot/spring-boot-starter-tomcat/3.1.1/spring-boot-starter-tomcat-3.1.1.jar:/Users/josephnma/.m2/repository/org/apache/tomcat/embed/tomcat-embed-core/10.1.10/tomcat-embed-core-10.1.10.jar:/Users/josephnma/.m2/repository/org/apache/tomcat/embed/tomcat-embed-el/10.1.10/tomcat-embed-el-10.1.10.jar:/Users/josephnma/.m2/repository/org/apache/tomcat/embed/tomcat-embed-websocket/10.1.10/tomcat-embed-websocket-10.1.10.jar:/Users/josephnma/.m2/repository/org/springframework/spring-web/6.0.10/spring-web-6.0.10.jar:/Users/josephnma/.m2/repository/io/micrometer/micrometer-observation/1.11.1/micrometer-observation-1.11.1.jar:/Users/josephnma/.m2/repository/io/micrometer/micrometer-commons/1.11.1/micrometer-commons-1.11.1.jar:/Users/josephnma/.m2/repository/org/springframework/spring-webmvc/6.0.10/spring-webmvc-6.0.10.jar:/Users/josephnma/.m2/repository/org/springframework/spring-expression/6.0.10/spring-expression-6.0.10.jar:/Users/josephnma/.m2/repository/org/springframework/boot/spring-boot-devtools/3.1.1/spring-boot-devtools-3.1.1.jar:/Users/josephnma/.m2/repository/org/springframework/boot/spring-boot/3.1.1/spring-boot-3.1.1.jar:/Users/josephnma/.m2/repository/org/springframework/boot/spring-boot-autoconfigure/3.1.1/spring-boot-autoconfigure-3.1.1.jar:/Users/josephnma/.m2/repository/com/h2database/h2/2.2.220/h2-2.2.220.jar:/Users/josephnma/.m2/repository/org/springframework/boot/spring-boot-starter-oauth2-client/3.1.1/spring-boot-starter-oauth2-client-3.1.1.jar:/Users/josephnma/.m2/repository/org/springframework/security/spring-security-config/6.1.1/spring-security-config-6.1.1.jar:/Users/josephnma/.m2/repository/org/springframework/security/spring-security-core/6.1.1/spring-security-core-6.1.1.jar:/Users/josephnma/.m2/repository/org/springframework/security/spring-security-crypto/6.1.1/spring-security-crypto-6.1.1.jar:/Users/josephnma/.m2/repository/org/springframework/security/spring-security-oauth2-client/6.1.1/spring-security-oauth2-client-6.1.1.jar:/Users/josephnma/.m2/repository/org/springframework/security/spring-security-oauth2-core/6.1.1/spring-security-oauth2-core-6.1.1.jar:/Users/josephnma/.m2/repository/com/nimbusds/oauth2-oidc-sdk/9.43.3/oauth2-oidc-sdk-9.43.3.jar:/Users/josephnma/.m2/repository/com/github/stephenc/jcip/jcip-annotations/1.0-1/jcip-annotations-1.0-1.jar:/Users/josephnma/.m2/repository/com/nimbusds/content-type/2.2/content-type-2.2.jar:/Users/josephnma/.m2/repository/com/nimbusds/lang-tag/1.7/lang-tag-1.7.jar:/Users/josephnma/.m2/repository/org/springframework/security/spring-security-oauth2-jose/6.1.1/spring-security-oauth2-jose-6.1.1.jar:/Users/josephnma/.m2/repository/com/nimbusds/nimbus-jose-jwt/9.31/nimbus-jose-jwt-9.31.jar:/Users/josephnma/.m2/repository/org/springframework/boot/spring-boot-starter-test/3.1.1/spring-boot-starter-test-3.1.1.jar:/Users/josephnma/.m2/repository/org/springframework/boot/spring-boot-test/3.1.1/spring-boot-test-3.1.1.jar:/Users/josephnma/.m2/repository/org/springframework/boot/spring-boot-test-autoconfigure/3.1.1/spring-boot-test-autoconfigure-3.1.1.jar:/Users/josephnma/.m2/repository/com/jayway/jsonpath/json-path/2.8.0/json-path-2.8.0.jar:/Users/josephnma/.m2/repository/jakarta/xml/bind/jakarta.xml.bind-api/4.0.0/jakarta.xml.bind-api-4.0.0.jar:/Users/josephnma/.m2/repository/jakarta/activation/jakarta.activation-api/2.1.2/jakarta.activation-api-2.1.2.jar:/Users/josephnma/.m2/repository/net/minidev/json-smart/2.4.11/json-smart-2.4.11.jar:/Users/josephnma/.m2/repository/net/minidev/accessors-smart/2.4.11/accessors-smart-2.4.11.jar:/Users/josephnma/.m2/repository/org/ow2/asm/asm/9.3/asm-9.3.jar:/Users/josephnma/.m2/repository/org/assertj/assertj-core/3.24.2/assertj-core-3.24.2.jar:/Users/josephnma/.m2/repository/org/hamcrest/hamcrest/2.2/hamcrest-2.2.jar:/Users/josephnma/.m2/repository/org/junit/jupiter/junit-jupiter/5.9.3/junit-jupiter-5.9.3.jar:/Users/josephnma/.m2/repository/org/junit/jupiter/junit-jupiter-api/5.9.3/junit-jupiter-api-5.9.3.jar:/Users/josephnma/.m2/repository/org/opentest4j/opentest4j/1.2.0/opentest4j-1.2.0.jar:/Users/josephnma/.m2/repository/org/junit/platform/junit-platform-commons/1.9.3/junit-platform-commons-1.9.3.jar:/Users/josephnma/.m2/repository/org/apiguardian/apiguardian-api/1.1.2/apiguardian-api-1.1.2.jar:/Users/josephnma/.m2/repository/org/junit/jupiter/junit-jupiter-params/5.9.3/junit-jupiter-params-5.9.3.jar:/Users/josephnma/.m2/repository/org/junit/jupiter/junit-jupiter-engine/5.9.3/junit-jupiter-engine-5.9.3.jar:/Users/josephnma/.m2/repository/org/junit/platform/junit-platform-engine/1.9.3/junit-platform-engine-1.9.3.jar:/Users/josephnma/.m2/repository/org/mockito/mockito-core/5.3.1/mockito-core-5.3.1.jar:/Users/josephnma/.m2/repository/net/bytebuddy/byte-buddy-agent/1.14.5/byte-buddy-agent-1.14.5.jar:/Users/josephnma/.m2/repository/org/objenesis/objenesis/3.3/objenesis-3.3.jar:/Users/josephnma/.m2/repository/org/mockito/mockito-junit-jupiter/5.3.1/mockito-junit-jupiter-5.3.1.jar:/Users/josephnma/.m2/repository/org/skyscreamer/jsonassert/1.5.1/jsonassert-1.5.1.jar:/Users/josephnma/.m2/repository/com/vaadin/external/google/android-json/0.0.20131108.vaadin1/android-json-0.0.20131108.vaadin1.jar:/Users/josephnma/.m2/repository/org/springframework/spring-core/6.0.10/spring-core-6.0.10.jar:/Users/josephnma/.m2/repository/org/springframework/spring-jcl/6.0.10/spring-jcl-6.0.10.jar:/Users/josephnma/.m2/repository/org/springframework/spring-test/6.0.10/spring-test-6.0.10.jar:/Users/josephnma/.m2/repository/org/xmlunit/xmlunit-core/2.9.1/xmlunit-core-2.9.1.jar:/Users/josephnma/.m2/repository/org/springdoc/springdoc-openapi-starter-webmvc-ui/2.0.2/springdoc-openapi-starter-webmvc-ui-2.0.2.jar:/Users/josephnma/.m2/repository/org/springdoc/springdoc-openapi-starter-webmvc-api/2.0.2/springdoc-openapi-starter-webmvc-api-2.0.2.jar:/Users/josephnma/.m2/repository/org/springdoc/springdoc-openapi-starter-common/2.0.2/springdoc-openapi-starter-common-2.0.2.jar:/Users/josephnma/.m2/repository/io/swagger/core/v3/swagger-core-jakarta/2.2.7/swagger-core-jakarta-2.2.7.jar:/Users/josephnma/.m2/repository/org/apache/commons/commons-lang3/3.12.0/commons-lang3-3.12.0.jar:/Users/josephnma/.m2/repository/io/swagger/core/v3/swagger-annotations-jakarta/2.2.7/swagger-annotations-jakarta-2.2.7.jar:/Users/josephnma/.m2/repository/io/swagger/core/v3/swagger-models-jakarta/2.2.7/swagger-models-jakarta-2.2.7.jar:/Users/josephnma/.m2/repository/jakarta/validation/jakarta.validation-api/3.0.2/jakarta.validation-api-3.0.2.jar:/Users/josephnma/.m2/repository/com/fasterxml/jackson/dataformat/jackson-dataformat-yaml/2.15.2/jackson-dataformat-yaml-2.15.2.jar:/Users/josephnma/.m2/repository/org/webjars/swagger-ui/4.15.5/swagger-ui-4.15.5.jar:/Users/josephnma/.m2/repository/org/webjars/webjars-locator-core/0.52/webjars-locator-core-0.52.jar:/Users/josephnma/.m2/repository/io/github/classgraph/classgraph/4.8.149/classgraph-4.8.149.jar:/Users/josephnma/.m2/repository/org/springframework/hateoas/spring-hateoas/2.1.1/spring-hateoas-2.1.1.jar:/Users/josephnma/.m2/repository/org/springframework/spring-aop/6.0.10/spring-aop-6.0.10.jar:/Users/josephnma/.m2/repository/org/springframework/spring-beans/6.0.10/spring-beans-6.0.10.jar:/Users/josephnma/.m2/repository/org/springframework/spring-context/6.0.10/spring-context-6.0.10.jar:/Users/josephnma/.m2/repository/org/springframework/plugin/spring-plugin-core/3.0.0/spring-plugin-core-3.0.0.jar:/Users/josephnma/.m2/repository/org/slf4j/slf4j-api/2.0.7/slf4j-api-2.0.7.jar:/Users/josephnma/.m2/repository/org/springframework/spring-websocket/6.0.13/spring-websocket-6.0.13.jar:/Users/josephnma/.m2/repository/org/springframework/spring-messaging/6.0.13/spring-messaging-6.0.13.jar:/Users/josephnma/.m2/repository/io/jsonwebtoken/jjwt-api/0.11.5/jjwt-api-0.11.5.jar:/Users/josephnma/.m2/repository/io/jsonwebtoken/jjwt-impl/0.11.5/jjwt-impl-0.11.5.jar:/Users/josephnma/.m2/repository/io/jsonwebtoken/jjwt-jackson/0.11.5/jjwt-jackson-0.11.5.jar:/Users/josephnma/.m2/repository/com/fasterxml/jackson/core/jackson-databind/2.15.2/jackson-databind-2.15.2.jar:/Users/josephnma/.m2/repository/com/fasterxml/jackson/core/jackson-annotations/2.15.2/jackson-annotations-2.15.2.jar:/Users/josephnma/.m2/repository/com/fasterxml/jackson/core/jackson-core/2.15.2/jackson-core-2.15.2.jar:/Users/josephnma/.m2/repository/org/modelmapper/modelmapper/3.2.0/modelmapper-3.2.0.jar:/Users/josephnma/.m2/repository/org/springframework/boot/spring-boot-starter-security/3.1.1/spring-boot-starter-security-3.1.1.jar:/Users/josephnma/.m2/repository/org/springframework/security/spring-security-web/6.1.1/spring-security-web-6.1.1.jar:/Users/josephnma/.m2/repository/org/springframework/boot/spring-boot-starter-mail/3.1.1/spring-boot-starter-mail-3.1.1.jar:/Users/josephnma/.m2/repository/org/springframework/spring-context-support/6.0.10/spring-context-support-6.0.10.jar:/Users/josephnma/.m2/repository/org/eclipse/angus/jakarta.mail/1.1.0/jakarta.mail-1.1.0.jar:/Users/josephnma/.m2/repository/org/eclipse/angus/angus-activation/2.0.1/angus-activation-2.0.1.jar:/Users/josephnma/.m2/repository/org/springframework/boot/spring-boot-starter-thymeleaf/3.1.2/spring-boot-starter-thymeleaf-3.1.2.jar:/Users/josephnma/.m2/repository/org/thymeleaf/thymeleaf-spring6/3.1.1.RELEASE/thymeleaf-spring6-3.1.1.RELEASE.jar:/Users/josephnma/.m2/repository/org/thymeleaf/thymeleaf/3.1.1.RELEASE/thymeleaf-3.1.1.RELEASE.jar:/Users/josephnma/.m2/repository/org/attoparser/attoparser/2.0.6.RELEASE/attoparser-2.0.6.RELEASE.jar:/Users/josephnma/.m2/repository/org/unbescape/unbescape/1.1.6.RELEASE/unbescape-1.1.6.RELEASE.jar:/Users/josephnma/.m2/repository/me/paulschwarz/spring-dotenv/4.0.0/spring-dotenv-4.0.0.jar:/Users/josephnma/.m2/repository/io/github/cdimascio/dotenv-java/3.0.0/dotenv-java-3.0.0.jar:/Users/josephnma/.m2/repository/org/projectlombok/lombok/1.18.28/lombok-1.18.28.jar:/Users/josephnma/.m2/repository/javax/servlet/javax.servlet-api/3.1.0/javax.servlet-api-3.1.0.jar:/Users/josephnma/.m2/repository/org/springframework/boot/spring-boot-starter-webflux/3.1.2/spring-boot-starter-webflux-3.1.2.jar:/Users/josephnma/.m2/repository/org/springframework/boot/spring-boot-starter-reactor-netty/3.1.1/spring-boot-starter-reactor-netty-3.1.1.jar:/Users/josephnma/.m2/repository/io/projectreactor/netty/reactor-netty-http/1.1.8/reactor-netty-http-1.1.8.jar:/Users/josephnma/.m2/repository/io/netty/netty-codec-http/4.1.94.Final/netty-codec-http-4.1.94.Final.jar:/Users/josephnma/.m2/repository/io/netty/netty-common/4.1.94.Final/netty-common-4.1.94.Final.jar:/Users/josephnma/.m2/repository/io/netty/netty-buffer/4.1.94.Final/netty-buffer-4.1.94.Final.jar:/Users/josephnma/.m2/repository/io/netty/netty-transport/4.1.94.Final/netty-transport-4.1.94.Final.jar:/Users/josephnma/.m2/repository/io/netty/netty-codec/4.1.94.Final/netty-codec-4.1.94.Final.jar:/Users/josephnma/.m2/repository/io/netty/netty-handler/4.1.94.Final/netty-handler-4.1.94.Final.jar:/Users/josephnma/.m2/repository/io/netty/netty-codec-http2/4.1.94.Final/netty-codec-http2-4.1.94.Final.jar:/Users/josephnma/.m2/repository/io/netty/netty-resolver-dns/4.1.94.Final/netty-resolver-dns-4.1.94.Final.jar:/Users/josephnma/.m2/repository/io/netty/netty-resolver/4.1.94.Final/netty-resolver-4.1.94.Final.jar:/Users/josephnma/.m2/repository/io/netty/netty-codec-dns/4.1.94.Final/netty-codec-dns-4.1.94.Final.jar:/Users/josephnma/.m2/repository/io/netty/netty-resolver-dns-native-macos/4.1.94.Final/netty-resolver-dns-native-macos-4.1.94.Final-osx-x86_64.jar:/Users/josephnma/.m2/repository/io/netty/netty-resolver-dns-classes-macos/4.1.94.Final/netty-resolver-dns-classes-macos-4.1.94.Final.jar:/Users/josephnma/.m2/repository/io/netty/netty-transport-native-epoll/4.1.94.Final/netty-transport-native-epoll-4.1.94.Final-linux-x86_64.jar:/Users/josephnma/.m2/repository/io/netty/netty-transport-native-unix-common/4.1.94.Final/netty-transport-native-unix-common-4.1.94.Final.jar:/Users/josephnma/.m2/repository/io/netty/netty-transport-classes-epoll/4.1.94.Final/netty-transport-classes-epoll-4.1.94.Final.jar:/Users/josephnma/.m2/repository/io/projectreactor/netty/reactor-netty-core/1.1.8/reactor-netty-core-1.1.8.jar:/Users/josephnma/.m2/repository/io/netty/netty-handler-proxy/4.1.94.Final/netty-handler-proxy-4.1.94.Final.jar:/Users/josephnma/.m2/repository/io/netty/netty-codec-socks/4.1.94.Final/netty-codec-socks-4.1.94.Final.jar:/Users/josephnma/.m2/repository/org/springframework/spring-webflux/6.0.10/spring-webflux-6.0.10.jar:/Users/josephnma/.m2/repository/io/projectreactor/reactor-core/3.5.7/reactor-core-3.5.7.jar:/Users/josephnma/.m2/repository/org/reactivestreams/reactive-streams/1.0.4/reactive-streams-1.0.4.jar:"/>
    <property name="sun.cpu.endian" value="little"/>
    <property name="user.home" value="/Users/josephnma"/>
    <property name="user.language" value="en"/>
    <property name="java.specification.vendor" value="Oracle Corporation"/>
    <property name="java.version.date" value="2023-04-18"/>
    <property name="java.home" value="/Users/josephnma/Library/Java/JavaVirtualMachines/openjdk-20.0.1/Contents/Home"/>
    <property name="file.separator" value="/"/>
    <property name="basedir" value="/Users/josephnma/Downloads/nxg-job-hub-backend"/>
    <property name="java.vm.compressedOopsMode" value="Zero based"/>
    <property name="line.separator" value="&#10;"/>
    <property name="java.vm.specification.vendor" value="Oracle Corporation"/>
    <property name="java.specification.name" value="Java Platform API Specification"/>
    <property name="FILE_LOG_CHARSET" value="UTF-8"/>
    <property name="java.awt.headless" value="true"/>
    <property name="apple.awt.application.name" value="ForkedBooter"/>
    <property name="surefire.real.class.path" value="/Users/josephnma/Downloads/nxg-job-hub-backend/target/surefire/surefirebooter-20240111170009118_3.jar"/>
    <property name="sun.management.compiler" value="HotSpot 64-Bit Tiered Compilers"/>
    <property name="ftp.nonProxyHosts" value="local|*.local|169.254/16|*.169.254/16"/>
    <property name="java.runtime.version" value="20.0.1+9-29"/>
    <property name="user.name" value="josephnma"/>
    <property name="stdout.encoding" value="UTF-8"/>
    <property name="path.separator" value=":"/>
    <property name="os.version" value="13.6.1"/>
    <property name="java.runtime.name" value="OpenJDK Runtime Environment"/>
    <property name="file.encoding" value="UTF-8"/>
    <property name="java.vm.name" value="OpenJDK 64-Bit Server VM"/>
    <property name="localRepository" value="/Users/josephnma/.m2/repository"/>
    <property name="java.vendor.url.bug" value="https://bugreport.java.com/bugreport/"/>
    <property name="java.io.tmpdir" value="/var/folders/cf/lhgfc2_50k5drt0_br8v9s_m0000gn/T/"/>
    <property name="idea.version" value="2023.1.2"/>
    <property name="com.zaxxer.hikari.pool_number" value="1"/>
    <property name="java.version" value="20.0.1"/>
    <property name="user.dir" value="/Users/josephnma/Downloads/nxg-job-hub-backend"/>
    <property name="os.arch" value="x86_64"/>
    <property name="java.vm.specification.name" value="Java Virtual Machine Specification"/>
    <property name="PID" value="7106"/>
    <property name="CONSOLE_LOG_CHARSET" value="UTF-8"/>
    <property name="native.encoding" value="UTF-8"/>
    <property name="java.library.path" value="/Users/josephnma/Library/Java/Extensions:/Library/Java/Extensions:/Network/Library/Java/Extensions:/System/Library/Java/Extensions:/usr/lib/java:."/>
    <property name="java.vm.info" value="mixed mode, sharing"/>
    <property name="stderr.encoding" value="UTF-8"/>
    <property name="java.vendor" value="Oracle Corporation"/>
    <property name="java.vm.version" value="20.0.1+9-29"/>
    <property name="sun.io.unicode.encoding" value="UnicodeBig"/>
    <property name="socksNonProxyHosts" value="local|*.local|169.254/16|*.169.254/16"/>
    <property name="java.class.version" value="64.0"/>
  </properties>
  <testcase name="contextLoads" classname="core.nxg.NxgApplicationTests" time="0.629">
    <system-out><![CDATA[17:00:10.006 [main] INFO org.springframework.test.context.support.AnnotationConfigContextLoaderUtils -- Could not detect default configuration classes for test class [core.nxg.NxgApplicationTests]: NxgApplicationTests does not declare any static, non-private, non-final, nested classes annotated with @Configuration.
17:00:10.122 [main] INFO org.springframework.boot.test.context.SpringBootTestContextBootstrapper -- Found @SpringBootConfiguration core.nxg.NxgApplication for test class core.nxg.NxgApplicationTests
  _   ___  ______           _  ___  ____        ____  _____
 | \ | \ \/ / ___|         | |/ _ \| __ )      | __ )| ____|
 |  \| |\  / |  _ _____ _  | | | | |  _ \ _____|  _ \|  _|
 | |\  |/  \ |_| |_____| |_| | |_| | |_) |_____| |_) | |___
 |_| \_/_/\_\____|      \___/ \___/|____/      |____/|_____|

2024-01-11T17:00:10.559+01:00  INFO 7106 --- [           main] core.nxg.NxgApplicationTests             : Starting NxgApplicationTests using Java 20.0.1 with PID 7106 (started by josephnma in /Users/josephnma/Downloads/nxg-job-hub-backend)
2024-01-11T17:00:10.564+01:00  INFO 7106 --- [           main] core.nxg.NxgApplicationTests             : The following 1 profile is active: "dev"
2024-01-11T17:00:11.600+01:00  INFO 7106 --- [           main] .s.d.r.c.RepositoryConfigurationDelegate : Bootstrapping Spring Data JPA repositories in DEFAULT mode.
2024-01-11T17:00:11.946+01:00  INFO 7106 --- [           main] .s.d.r.c.RepositoryConfigurationDelegate : Finished Spring Data repository scanning in 338 ms. Found 13 JPA repository interfaces.
2024-01-11T17:00:12.573+01:00  INFO 7106 --- [           main] o.hibernate.jpa.internal.util.LogHelper  : HHH000204: Processing PersistenceUnitInfo [name: default]
2024-01-11T17:00:12.623+01:00  INFO 7106 --- [           main] org.hibernate.Version                    : HHH000412: Hibernate ORM core version 6.2.5.Final
2024-01-11T17:00:12.625+01:00  INFO 7106 --- [           main] org.hibernate.cfg.Environment            : HHH000406: Using bytecode reflection optimizer
2024-01-11T17:00:12.777+01:00  INFO 7106 --- [           main] o.h.b.i.BytecodeProviderInitiator        : HHH000021: Bytecode provider name : bytebuddy
2024-01-11T17:00:12.921+01:00  INFO 7106 --- [           main] o.s.o.j.p.SpringPersistenceUnitInfo      : No LoadTimeWeaver setup: ignoring JPA class transformer
2024-01-11T17:00:12.937+01:00  INFO 7106 --- [           main] com.zaxxer.hikari.HikariDataSource       : HikariPool-1 - Starting...
2024-01-11T17:00:13.580+01:00  INFO 7106 --- [           main] com.zaxxer.hikari.pool.HikariPool        : HikariPool-1 - Added connection conn0: url=jdbc:h2:mem:testdb user=SA
2024-01-11T17:00:13.582+01:00  INFO 7106 --- [           main] com.zaxxer.hikari.HikariDataSource       : HikariPool-1 - Start completed.
2024-01-11T17:00:14.035+01:00  INFO 7106 --- [           main] o.h.b.i.BytecodeProviderInitiator        : HHH000021: Bytecode provider name : bytebuddy
2024-01-11T17:00:14.491+01:00  INFO 7106 --- [           main] o.h.m.i.EntityInstantiatorPojoStandard   : HHH000182: No default (no-argument) constructor for class: core.nxg.entity.Notification (class must be instantiated by Interceptor)
2024-01-11T17:00:14.921+01:00  INFO 7106 --- [           main] o.h.e.t.j.p.i.JtaPlatformInitiator       : HHH000490: Using JtaPlatform implementation: [org.hibernate.engine.transaction.jta.platform.internal.NoJtaPlatform]
Hibernate: create table agents (id bigint not null, address varchar(255), email varchar(255), industry_type tinyint check (industry_type between 0 and 12), job_type tinyint check (job_type between 0 and 3), zip_code varchar(255), user_id bigint, primary key (id))
Hibernate: create table applications (application_id bigint not null, application_status varchar(255) check (application_status in ('REJECTED','APPROVED','PENDING')), application_date timestamp(6), applicant_id bigint, job_posting_jobid bigint, primary key (application_id))
Hibernate: create table comments (id bigint generated by default as identity, comment varchar(255), job_posting_id bigint, primary key (id))
Hibernate: create table comments_reactions_mapping (comment_id bigint not null, reaction_id bigint not null)
Hibernate: create table employer (employerid bigint not null, company_address varchar(255), company_description varchar(255), company_name varchar(255), company_phone varchar(255), company_size varchar(255), company_website varchar(255), country varchar(255), email varchar(255), industry_type varchar(255), job_board varchar(255), position varchar(255), user_id bigint, primary key (employerid))
Hibernate: create table employer_ratings (employer_employerid bigint not null, ratings_id bigint not null)
Hibernate: create table job_postings_views_mapping (view_id bigint not null, job_posting_id bigint not null)
Hibernate: create table job_posting (jobid bigint generated by default as identity, company_bio varchar(255), created_at date, deadline date, employer_id varchar(255), job_description varchar(255), job_location varchar(255), job_title varchar(255), job_type varchar(255), reaction varchar(255), requirements varchar(255), salary varchar(255), tags varchar(255), view_view_id bigint, primary key (jobid))
Hibernate: create table job_posting_comments (job_posting_jobid bigint not null, comments_id bigint not null)
Hibernate: create table job_posting_reactions (job_posting_jobid bigint not null, reactions_id bigint not null)
Hibernate: create table notifications (id bigint not null, date_time timestamp(6), delivered boolean not null, message varchar(255), notification_type tinyint check (notification_type between 0 and 4), seen boolean not null, referenced_user_id bigint, primary key (id))
Hibernate: create table otp (id bigint generated by default as identity, email varchar(255), expiry_time timestamp(6), otp varchar(255), phone_number varchar(255), primary key (id))
Hibernate: create table ratings (id bigint generated by default as identity, rating varchar(255) check (rating in ('EXCELLENT','VERY_GOOD','GOOD','BAD')), employer_id bigint, primary key (id))
Hibernate: create table reaction (id bigint generated by default as identity, reaction_type varchar(255) check (reaction_type in ('EXCELLENT','GOOD','FAIR','BAD')), primary key (id))
Hibernate: create table saved_jobs (id bigint generated by default as identity, job_posting_id bigint, user_id bigint, primary key (id))
Hibernate: create table skills (id bigint not null, available_skills varchar(255) array, skill_name varchar(255), tech_talent_user_tech_id bigint, primary key (id))
Hibernate: create table tech_talent (tech_id bigint not null, city varchar(255), country_code varchar(255), coverletter varchar(255), current_job varchar(255), email varchar(255), experience_level varchar(255), highest_qualification varchar(255), job_type varchar(255), linked_in_url varchar(255), location varchar(255), professional_cert varchar(255), residential_address varchar(255), resume varchar(255), skills varchar(255) array, state varchar(255), work_mode varchar(255), years_of_experience integer not null, zip_code varchar(255), user_id bigint, primary key (tech_id))
Hibernate: create table users (id bigint not null, date_of_birth date, email varchar(255) not null, enabled boolean, first_name varchar(255), gender varchar(255) check (gender in ('FEMALE','MALE')), last_name varchar(255), nationality varchar(255), password varchar(255) not null, phone_number varchar(255), profile_picture varchar(255), provider varchar(255) check (provider in ('LOCAL','GOOGLE','LINKEDIN')), roles varchar(255), user_type varchar(255) check (user_type in ('TECHTALENT','AGENT','EMPLOYER','ADMIN')), primary key (id))
Hibernate: create table verification_code (id bigint not null, code varchar(255), created_date timestamp(6), expiry_date timestamp(6) with time zone, user_id bigint, primary key (id))
Hibernate: create table view (view_id bigint generated by default as identity, view_count integer not null, primary key (view_id))
Hibernate: alter table if exists agents drop constraint if exists UK_ica2nnf6jymrt09bvuv7e4mai
Hibernate: alter table if exists agents add constraint UK_ica2nnf6jymrt09bvuv7e4mai unique (user_id)
Hibernate: alter table if exists employer drop constraint if exists UK_k30e1f6l8hxi1t8aabflue0he
Hibernate: alter table if exists employer add constraint UK_k30e1f6l8hxi1t8aabflue0he unique (user_id)
Hibernate: alter table if exists employer_ratings drop constraint if exists UK_mqxrus1sdvdptyl5tssxircop
Hibernate: alter table if exists employer_ratings add constraint UK_mqxrus1sdvdptyl5tssxircop unique (ratings_id)
Hibernate: alter table if exists job_posting drop constraint if exists UK_igt3vo2lny80b1f178ibu4ruh
Hibernate: alter table if exists job_posting add constraint UK_igt3vo2lny80b1f178ibu4ruh unique (view_view_id)
Hibernate: alter table if exists job_posting_comments drop constraint if exists UK_gg8ninxxks17vxdqiu7rxdg1d
Hibernate: alter table if exists job_posting_comments add constraint UK_gg8ninxxks17vxdqiu7rxdg1d unique (comments_id)
Hibernate: alter table if exists tech_talent drop constraint if exists UK_mfyfh6ere6xki7dpm9uvdvdr1
Hibernate: alter table if exists tech_talent add constraint UK_mfyfh6ere6xki7dpm9uvdvdr1 unique (user_id)
Hibernate: alter table if exists users drop constraint if exists UK_6dotkott2kjsp8vw4d0m25fb7
Hibernate: alter table if exists users add constraint UK_6dotkott2kjsp8vw4d0m25fb7 unique (email)
Hibernate: create sequence agents_seq start with 1 increment by 50
Hibernate: create sequence applications_seq start with 1 increment by 50
Hibernate: create sequence employer_seq start with 1 increment by 50
Hibernate: create sequence notifications_seq start with 1 increment by 50
Hibernate: create sequence skills_seq start with 1 increment by 50
Hibernate: create sequence tech_talent_seq start with 1 increment by 50
Hibernate: create sequence users_seq start with 1 increment by 50
Hibernate: create sequence verification_code_seq start with 1 increment by 50
Hibernate: alter table if exists agents add constraint FK2vh8rg4inh3scgcguimya35my foreign key (user_id) references users
Hibernate: alter table if exists applications add constraint FKgi56fay19nbaiamp5xyhd7ptc foreign key (applicant_id) references users
Hibernate: alter table if exists applications add constraint FKlswvy6c4rou9rni15nkn4weom foreign key (job_posting_jobid) references job_posting
Hibernate: alter table if exists comments add constraint FK76189tl7alknwdrdg9fbqkgcb foreign key (job_posting_id) references job_posting
Hibernate: alter table if exists comments_reactions_mapping add constraint FKeq3tqcowg7n43xgjg4l2g28cu foreign key (reaction_id) references reaction
Hibernate: alter table if exists comments_reactions_mapping add constraint FK5bj4u0ispne07mvv5j3ymdxf5 foreign key (comment_id) references comments
Hibernate: alter table if exists employer add constraint FK43iuo0lskcmiokbwvolc0lmj9 foreign key (user_id) references users
Hibernate: alter table if exists employer_ratings add constraint FKkfje0irsqy6x5bkagfyq8lqm5 foreign key (ratings_id) references ratings
Hibernate: alter table if exists employer_ratings add constraint FKq11t0xobj3xo65b73xoyuetu foreign key (employer_employerid) references employer
Hibernate: alter table if exists job_postings_views_mapping add constraint FKio7e2d4x5wj7dij2lcllk7916 foreign key (job_posting_id) references job_posting
Hibernate: alter table if exists job_postings_views_mapping add constraint FKdlbmih970jvif9oo5eyn22hhn foreign key (view_id) references view
Hibernate: alter table if exists job_posting add constraint FKtkex2qgpqo0mu9ktsrbfm4rrv foreign key (view_view_id) references view
Hibernate: alter table if exists job_posting_comments add constraint FKtg96l4bgqpowv7el0s76ux0iv foreign key (comments_id) references comments
Hibernate: alter table if exists job_posting_comments add constraint FKg5byr1462f6t7n35e9b8u782v foreign key (job_posting_jobid) references job_posting
Hibernate: alter table if exists job_posting_reactions add constraint FK57qyi3g1g9rkmaa1dwnqbplsf foreign key (reactions_id) references reaction
Hibernate: alter table if exists job_posting_reactions add constraint FK6s43g4gvoanqopocgv9nfc26u foreign key (job_posting_jobid) references job_posting
Hibernate: alter table if exists notifications add constraint FKlsc461jqdd61xu13md2j8yh5m foreign key (referenced_user_id) references users
Hibernate: alter table if exists ratings add constraint FK232bkrebiqtgw79ogsa9hdtkf foreign key (employer_id) references employer
Hibernate: alter table if exists saved_jobs add constraint FKhlatb2x0qkknw7xthgp777dbu foreign key (job_posting_id) references job_posting
Hibernate: alter table if exists saved_jobs add constraint FK5fc45yi5nwtm3y93nt4fcpln6 foreign key (user_id) references users
Hibernate: alter table if exists skills add constraint FK2jxhsddoc3ipw2yl4v9e2sw2h foreign key (tech_talent_user_tech_id) references tech_talent
Hibernate: alter table if exists tech_talent add constraint FKfxrpry3yqg9ff9yg5bxk1o354 foreign key (user_id) references users
Hibernate: alter table if exists verification_code add constraint FK54hony7tk7x7gaaqp0rf16raa foreign key (user_id) references users
2024-01-11T17:00:15.081+01:00  INFO 7106 --- [           main] j.LocalContainerEntityManagerFactoryBean : Initialized JPA EntityManagerFactory for persistence unit 'default'
2024-01-11T17:00:16.162+01:00  INFO 7106 --- [           main] o.s.d.j.r.query.QueryEnhancerFactory     : Hibernate is in classpath; If applicable, HQL parser will be used.
2024-01-11T17:00:16.997+01:00  WARN 7106 --- [           main] JpaBaseConfiguration$JpaWebConfiguration : spring.jpa.open-in-view is enabled by default. Therefore, database queries may be performed during view rendering. Explicitly configure spring.jpa.open-in-view to disable this warning
2024-01-11T17:00:18.201+01:00  INFO 7106 --- [           main] o.s.s.web.DefaultSecurityFilterChain     : Will secure any request with [org.springframework.security.web.session.DisableEncodeUrlFilter@48e0e779, org.springframework.security.web.context.request.async.WebAsyncManagerIntegrationFilter@38ad8c75, org.springframework.security.web.context.SecurityContextHolderFilter@33822750, org.springframework.security.web.header.HeaderWriterFilter@4f55da9b, org.springframework.security.web.authentication.logout.LogoutFilter@1990afa2, core.nxg.configs.JwtAuthenticationFilter@4c69b396, org.springframework.security.web.savedrequest.RequestCacheAwareFilter@6b5dc4bb, org.springframework.security.web.servletapi.SecurityContextHolderAwareRequestFilter@eba64a9, org.springframework.security.web.authentication.AnonymousAuthenticationFilter@22a10b71, org.springframework.security.web.session.SessionManagementFilter@173039b5, org.springframework.security.web.access.ExceptionTranslationFilter@5bd11ad6, org.springframework.security.web.access.intercept.AuthorizationFilter@690337df]
2024-01-11T17:00:18.662+01:00  INFO 7106 --- [           main] o.s.b.a.h2.H2ConsoleAutoConfiguration    : H2 console available at '/h2'. Database available at 'jdbc:h2:mem:testdb'
2024-01-11T17:00:18.802+01:00  INFO 7106 --- [           main] core.nxg.NxgApplicationTests             : Started NxgApplicationTests in 8.536 seconds (process running for 9.567)
]]></system-out>
  </testcase>
</testsuite>